* using log directory 'C:/Users/camil/Documents/SUDAUCUL_project/SUDOKUCarretteDelmas.Rcheck'
* using R version 4.1.1 (2021-08-10)
* using platform: x86_64-w64-mingw32 (64-bit)
* using session charset: ISO8859-1
* using options '--no-manual --as-cran'
* checking for file 'SUDOKUCarretteDelmas/DESCRIPTION' ... OK
* this is package 'SUDOKUCarretteDelmas' version '0.0.1.9000'
* package encoding: UTF-8
* checking package namespace information ... OK
* checking package dependencies ... OK
* checking if this is a source package ... OK
* checking if there is a namespace ... OK
* checking for executable files ... OK
* checking for hidden files and directories ... OK
* checking for portable file names ... OK
* checking serialization versions ... OK
* checking whether package 'SUDOKUCarretteDelmas' can be installed ... ERROR
Installation failed.
See 'C:/Users/camil/Documents/SUDAUCUL_project/SUDOKUCarretteDelmas.Rcheck/00install.out' for details.
* DONE
Status: 1 ERROR
